Performing C SOURCE FILE Test CMAKE_HAVE_LIBC_PTHREAD failed with the following output:
Change Dir: /home/quake/Projects/fluidsynth/fluidsynth/build/CMakeFiles/CMakeTmp

Run Build Command(s):/usr/bin/make -f Makefile cmTC_26fde/fast && /usr/bin/make  -f CMakeFiles/cmTC_26fde.dir/build.make CMakeFiles/cmTC_26fde.dir/build
make[1]: Entering directory '/home/quake/Projects/fluidsynth/fluidsynth/build/CMakeFiles/CMakeTmp'
Building C object CMakeFiles/cmTC_26fde.dir/src.c.o
/usr/bin/cc -DCMAKE_HAVE_LIBC_PTHREAD -DTESTKEYWORD=inline  -O2 -fPIC -march=native -mavx2 -Wall -W -Wpointer-arith -Wcast-qual -Wstrict-prototypes -Wno-unused-parameter -Wdeclaration-after-statement -Werror=implicit-function-declaration -Werror=incompatible-pointer-types -Wbad-function-cast -Wcast-align  -fPIE -std=gnu90 -o CMakeFiles/cmTC_26fde.dir/src.c.o -c /home/quake/Projects/fluidsynth/fluidsynth/build/CMakeFiles/CMakeTmp/src.c
Linking C executable cmTC_26fde
/usr/local/bin/cmake -E cmake_link_script CMakeFiles/cmTC_26fde.dir/link.txt --verbose=1
/usr/bin/cc -O2 -fPIC -march=native -mavx2 -Wall -W -Wpointer-arith -Wcast-qual -Wstrict-prototypes -Wno-unused-parameter -Wdeclaration-after-statement -Werror=implicit-function-declaration -Werror=incompatible-pointer-types -Wbad-function-cast -Wcast-align   -Wl,--as-needed  CMakeFiles/cmTC_26fde.dir/src.c.o -o cmTC_26fde 
/usr/bin/ld: CMakeFiles/cmTC_26fde.dir/src.c.o: in function `main':
src.c:(.text.startup+0x29): undefined reference to `pthread_create'
/usr/bin/ld: src.c:(.text.startup+0x32): undefined reference to `pthread_detach'
/usr/bin/ld: src.c:(.text.startup+0x3b): undefined reference to `pthread_cancel'
/usr/bin/ld: src.c:(.text.startup+0x46): undefined reference to `pthread_join'
collect2: error: ld returned 1 exit status
make[1]: *** [CMakeFiles/cmTC_26fde.dir/build.make:99: cmTC_26fde] Error 1
make[1]: Leaving directory '/home/quake/Projects/fluidsynth/fluidsynth/build/CMakeFiles/CMakeTmp'
make: *** [Makefile:127: cmTC_26fde/fast] Error 2


Source file was:
#include <pthread.h>

static void* test_func(void* data)
{
  return data;
}

int main(void)
{
  pthread_t thread;
  pthread_create(&thread, NULL, test_func, NULL);
  pthread_detach(thread);
  pthread_cancel(thread);
  pthread_join(thread, NULL);
  pthread_atfork(NULL, NULL, NULL);
  pthread_exit(NULL);

  return 0;
}

Determining if the function pthread_create exists in the pthreads failed with the following output:
Change Dir: /home/quake/Projects/fluidsynth/fluidsynth/build/CMakeFiles/CMakeTmp

Run Build Command(s):/usr/bin/make -f Makefile cmTC_44c43/fast && /usr/bin/make  -f CMakeFiles/cmTC_44c43.dir/build.make CMakeFiles/cmTC_44c43.dir/build
make[1]: Entering directory '/home/quake/Projects/fluidsynth/fluidsynth/build/CMakeFiles/CMakeTmp'
Building C object CMakeFiles/cmTC_44c43.dir/CheckFunctionExists.c.o
/usr/bin/cc -DTESTKEYWORD=inline  -O2 -fPIC -march=native -mavx2 -Wall -W -Wpointer-arith -Wcast-qual -Wstrict-prototypes -Wno-unused-parameter -Wdeclaration-after-statement -Werror=implicit-function-declaration -Werror=incompatible-pointer-types -Wbad-function-cast -Wcast-align -DCHECK_FUNCTION_EXISTS=pthread_create -fPIE -std=gnu90 -o CMakeFiles/cmTC_44c43.dir/CheckFunctionExists.c.o -c /usr/local/share/cmake-3.23/Modules/CheckFunctionExists.c
Linking C executable cmTC_44c43
/usr/local/bin/cmake -E cmake_link_script CMakeFiles/cmTC_44c43.dir/link.txt --verbose=1
/usr/bin/cc -O2 -fPIC -march=native -mavx2 -Wall -W -Wpointer-arith -Wcast-qual -Wstrict-prototypes -Wno-unused-parameter -Wdeclaration-after-statement -Werror=implicit-function-declaration -Werror=incompatible-pointer-types -Wbad-function-cast -Wcast-align -DCHECK_FUNCTION_EXISTS=pthread_create  -Wl,--as-needed  CMakeFiles/cmTC_44c43.dir/CheckFunctionExists.c.o -o cmTC_44c43  -lpthreads 
/usr/bin/ld: cannot find -lpthreads
collect2: error: ld returned 1 exit status
make[1]: *** [CMakeFiles/cmTC_44c43.dir/build.make:99: cmTC_44c43] Error 1
make[1]: Leaving directory '/home/quake/Projects/fluidsynth/fluidsynth/build/CMakeFiles/CMakeTmp'
make: *** [Makefile:127: cmTC_44c43/fast] Error 2



